<?xml version="1.0" encoding="UTF-8"?>
<!-- Generated by org.testng.reporters.JUnitReportReporter -->
<testsuite skipped="0" hostname="mech.local" name="main.M1" tests="1" failures="0" timestamp="2021-02-12T20:38:01 GMT" time="47.299" errors="0">
  <testcase name="test" time="47.299" classname="main.M1"/>
</testsuite> <!-- main.M1 -->
