<?xml version="1.0" encoding="UTF-8"?>
<!-- Generated by org.testng.reporters.JUnitReportReporter -->
<testsuite hostname="mech.local" failures="0" tests="1" name="main.M1" time="36.888" errors="0" timestamp="2020-09-03T11:59:06 IST" skipped="0">
  <testcase classname="main.M1" name="generalInformationTest" time="36.888"/>
</testsuite> <!-- main.M1 -->
